2021-08-08 19:28:18,825 INFO  [org.jboss.as.server.deployment.scanner] (MSC service thread 1-4) WFLYDS0013: Started FileSystemDeploymentService for directory C:\Users\User\Desktop\keycloak\keycloak-11.0.2\keycloak-11.0.2\standalone\keycloak-remote-configurations\deployments
2021-08-08 19:28:18,825 WARN  [org.jboss.as.server.deployment.scanner] (DeploymentScanner-threads - 1) WFLYDS0043: Deployment directory scan failed due to inaccessible deployment directory: C:\Users\User\Desktop\keycloak\keycloak-11.0.2\keycloak-11.0.2\standalone\keycloak-remote-configurations\deployments
2021-08-08 19:28:18,871 INFO  [org.jboss.as.server.deployment] (MSC service thread 1-5) WFLYSRV0027: Starting deployment of "keycloak-server.war" (runtime-name: "keycloak-server.war")
2021-08-08 19:28:19,313 INFO  [org.wildfly.extension.undertow] (MSC service thread 1-5) WFLYUT0006: Undertow HTTP listener default listening on 127.0.0.1:8080
2021-08-08 19:28:19,435 INFO  [org.wildfly.extension.undertow] (MSC service thread 1-1) WFLYUT0006: Undertow HTTPS listener https listening on 127.0.0.1:8443
2021-08-08 19:28:19,806 INFO  [org.jboss.as.ejb3] (MSC service thread 1-5) WFLYEJB0493: EJB subsystem suspension complete
2021-08-08 19:28:20,376 INFO  [org.jboss.as.connector.subsystems.datasources] (MSC service thread 1-5) WFLYJCA0001: Bound data source [java:jboss/datasources/ExampleDS]
2021-08-08 19:28:20,376 INFO  [org.jboss.as.connector.subsystems.datasources] (MSC service thread 1-8) WFLYJCA0001: Bound data source [java:jboss/datasources/KeycloakDS]
2021-08-08 19:28:22,408 INFO  [org.infinispan.PERSISTENCE] (MSC service thread 1-8) ISPN000556: Starting user marshaller 'org.wildfly.clustering.infinispan.marshalling.jboss.JBossMarshaller'
2021-08-08 19:28:22,415 INFO  [org.infinispan.PERSISTENCE] (MSC service thread 1-3) ISPN000556: Starting user marshaller 'org.wildfly.clustering.infinispan.marshalling.jboss.JBossMarshaller'
2021-08-08 19:28:22,453 INFO  [org.infinispan.CONTAINER] (MSC service thread 1-8) ISPN000128: Infinispan version: Infinispan 'Turia' 10.1.8.Final
2021-08-08 19:28:22,842 INFO  [org.jboss.as.clustering.infinispan] (ServerService Thread Pool -- 64) WFLYCLINF0002: Started work cache from keycloak container
2021-08-08 19:28:22,846 INFO  [org.jboss.as.clustering.infinispan] (ServerService Thread Pool -- 58) WFLYCLINF0002: Started clientSessions cache from keycloak container
2021-08-08 19:28:22,847 INFO  [org.jboss.as.clustering.infinispan] (ServerService Thread Pool -- 62) WFLYCLINF0002: Started authenticationSessions cache from keycloak container
2021-08-08 19:28:22,848 INFO  [org.jboss.as.clustering.infinispan] (ServerService Thread Pool -- 60) WFLYCLINF0002: Started offlineClientSessions cache from keycloak container
2021-08-08 19:28:22,850 INFO  [org.jboss.as.clustering.infinispan] (ServerService Thread Pool -- 68) WFLYCLINF0002: Started sessions cache from keycloak container
2021-08-08 19:28:22,851 INFO  [org.jboss.as.clustering.infinispan] (ServerService Thread Pool -- 59) WFLYCLINF0002: Started loginFailures cache from keycloak container
2021-08-08 19:28:22,851 INFO  [org.jboss.as.clustering.infinispan] (ServerService Thread Pool -- 57) WFLYCLINF0002: Started actionTokens cache from keycloak container
2021-08-08 19:28:22,851 INFO  [org.jboss.as.clustering.infinispan] (ServerService Thread Pool -- 61) WFLYCLINF0002: Started offlineSessions cache from keycloak container
2021-08-08 19:28:22,864 INFO  [org.jboss.as.clustering.infinispan] (ServerService Thread Pool -- 67) WFLYCLINF0002: Started client-mappings cache from ejb container
2021-08-08 19:28:22,930 INFO  [org.jboss.as.clustering.infinispan] (ServerService Thread Pool -- 56) WFLYCLINF0002: Started realms cache from keycloak container
2021-08-08 19:28:22,930 INFO  [org.jboss.as.clustering.infinispan] (ServerService Thread Pool -- 66) WFLYCLINF0002: Started authorization cache from keycloak container
2021-08-08 19:28:22,930 INFO  [org.jboss.as.clustering.infinispan] (ServerService Thread Pool -- 63) WFLYCLINF0002: Started users cache from keycloak container
2021-08-08 19:28:22,931 INFO  [org.jboss.as.clustering.infinispan] (ServerService Thread Pool -- 65) WFLYCLINF0002: Started keys cache from keycloak container
2021-08-08 19:28:23,475 WARN  [org.jboss.as.server.deployment] (MSC service thread 1-1) WFLYSRV0273: Excluded subsystem webservices via jboss-deployment-structure.xml does not exist.
2021-08-08 19:28:26,207 INFO  [org.keycloak.services] (ServerService Thread Pool -- 56) KC-SERVICES0001: Loading config from standalone.xml or domain.xml
2021-08-08 19:28:26,859 INFO  [org.keycloak.url.DefaultHostnameProviderFactory] (ServerService Thread Pool -- 56) Frontend: <request>, Admin: <frontend>, Backend: <request>
2021-08-08 19:28:28,543 INFO  [org.jboss.as.clustering.infinispan] (ServerService Thread Pool -- 56) WFLYCLINF0002: Started realmRevisions cache from keycloak container
2021-08-08 19:28:28,554 INFO  [org.jboss.as.clustering.infinispan] (ServerService Thread Pool -- 56) WFLYCLINF0002: Started userRevisions cache from keycloak container
2021-08-08 19:28:28,562 INFO  [org.jboss.as.clustering.infinispan] (ServerService Thread Pool -- 56) WFLYCLINF0002: Started authorizationRevisions cache from keycloak container
2021-08-08 19:28:28,565 INFO  [org.keycloak.connections.infinispan.DefaultInfinispanConnectionProviderFactory] (ServerService Thread Pool -- 56) Node name: laptop-169mrclt, Site name: null
2021-08-08 19:28:38,061 INFO  [org.keycloak.connections.jpa.updater.liquibase.LiquibaseJpaUpdaterProvider] (ServerService Thread Pool -- 56) Initializing database schema. Using changelog META-INF/jpa-changelog-master.xml
2021-08-08 19:28:40,450 INFO  [org.hibernate.jpa.internal.util.LogHelper] (ServerService Thread Pool -- 56) HHH000204: Processing PersistenceUnitInfo [
	name: keycloak-default
	...]
2021-08-08 19:28:40,757 INFO  [org.hibernate.Version] (ServerService Thread Pool -- 56) HHH000412: Hibernate Core {5.3.17.Final}
2021-08-08 19:28:40,762 INFO  [org.hibernate.cfg.Environment] (ServerService Thread Pool -- 56) HHH000206: hibernate.properties not found
2021-08-08 19:28:41,273 INFO  [org.hibernate.annotations.common.Version] (ServerService Thread Pool -- 56) HCANN000001: Hibernate Commons Annotations {5.0.5.Final}
2021-08-08 19:28:41,839 INFO  [org.hibernate.dialect.Dialect] (ServerService Thread Pool -- 56) HHH000400: Using dialect: org.hibernate.dialect.H2Dialect
2021-08-08 19:28:41,847 WARN  [org.hibernate.dialect.H2Dialect] (ServerService Thread Pool -- 56) HHH000431: Unable to determine H2 database version, certain features may not work
2021-08-08 19:28:41,933 INFO  [org.hibernate.envers.boot.internal.EnversServiceImpl] (ServerService Thread Pool -- 56) Envers integration enabled? : true
2021-08-08 19:28:42,801 INFO  [org.hibernate.orm.beans] (ServerService Thread Pool -- 56) HHH10005002: No explicit CDI BeanManager reference was passed to Hibernate, but CDI is available on the Hibernate ClassLoader.
2021-08-08 19:28:42,971 INFO  [org.hibernate.validator.internal.util.Version] (ServerService Thread Pool -- 56) HV000001: Hibernate Validator 6.0.20.Final
2021-08-08 19:28:44,736 INFO  [org.hibernate.hql.internal.QueryTranslatorFactoryInitiator] (ServerService Thread Pool -- 56) HHH000397: Using ASTQueryTranslatorFactory
2021-08-08 19:28:45,549 INFO  [org.keycloak.services] (ServerService Thread Pool -- 56) KC-SERVICES0050: Initializing master realm
2021-08-08 19:28:46,782 INFO  [org.jboss.resteasy.resteasy_jaxrs.i18n] (ServerService Thread Pool -- 56) RESTEASY002225: Deploying javax.ws.rs.core.Application: class org.keycloak.services.resources.KeycloakApplication
2021-08-08 19:28:46,794 INFO  [org.jboss.resteasy.resteasy_jaxrs.i18n] (ServerService Thread Pool -- 56) RESTEASY002200: Adding class resource org.keycloak.services.resources.JsResource from Application class org.keycloak.services.resources.KeycloakApplication
2021-08-08 19:28:46,795 INFO  [org.jboss.resteasy.resteasy_jaxrs.i18n] (ServerService Thread Pool -- 56) RESTEASY002205: Adding provider class org.keycloak.services.error.KeycloakErrorHandler from Application class org.keycloak.services.resources.KeycloakApplication
2021-08-08 19:28:46,797 INFO  [org.jboss.resteasy.resteasy_jaxrs.i18n] (ServerService Thread Pool -- 56) RESTEASY002205: Adding provider class org.keycloak.services.filters.KeycloakSecurityHeadersFilter from Application class org.keycloak.services.resources.KeycloakApplication
2021-08-08 19:28:46,798 INFO  [org.jboss.resteasy.resteasy_jaxrs.i18n] (ServerService Thread Pool -- 56) RESTEASY002200: Adding class resource org.keycloak.services.resources.ThemeResource from Application class org.keycloak.services.resources.KeycloakApplication
2021-08-08 19:28:46,799 INFO  [org.jboss.resteasy.resteasy_jaxrs.i18n] (ServerService Thread Pool -- 56) RESTEASY002220: Adding singleton resource org.keycloak.services.resources.admin.AdminRoot from Application class org.keycloak.services.resources.KeycloakApplication
2021-08-08 19:28:46,800 INFO  [org.jboss.resteasy.resteasy_jaxrs.i18n] (ServerService Thread Pool -- 56) RESTEASY002220: Adding singleton resource org.keycloak.services.resources.RealmsResource from Application class org.keycloak.services.resources.KeycloakApplication
2021-08-08 19:28:46,801 INFO  [org.jboss.resteasy.resteasy_jaxrs.i18n] (ServerService Thread Pool -- 56) RESTEASY002210: Adding provider singleton org.keycloak.services.util.ObjectMapperResolver from Application class org.keycloak.services.resources.KeycloakApplication
2021-08-08 19:28:46,802 INFO  [org.jboss.resteasy.resteasy_jaxrs.i18n] (ServerService Thread Pool -- 56) RESTEASY002220: Adding singleton resource org.keycloak.services.resources.WelcomeResource from Application class org.keycloak.services.resources.KeycloakApplication
2021-08-08 19:28:46,803 INFO  [org.jboss.resteasy.resteasy_jaxrs.i18n] (ServerService Thread Pool -- 56) RESTEASY002220: Adding singleton resource org.keycloak.services.resources.RobotsResource from Application class org.keycloak.services.resources.KeycloakApplication
2021-08-08 19:28:46,962 INFO  [org.wildfly.extension.undertow] (ServerService Thread Pool -- 56) WFLYUT0021: Registered web context: '/auth' for server 'default-server'
2021-08-08 19:28:47,112 INFO  [org.jboss.as.server] (ServerService Thread Pool -- 55) WFLYSRV0010: Deployed "keycloak-server.war" (runtime-name : "keycloak-server.war")
2021-08-08 19:28:47,169 INFO  [org.jboss.as.server] (Controller Boot Thread) WFLYSRV0212: Resuming server
2021-08-08 19:28:47,174 INFO  [org.jboss.as] (Controller Boot Thread) WFLYSRV0025: Keycloak 11.0.2 (WildFly Core 12.0.3.Final) started in 36289ms - Started 588 of 886 services (601 services are lazy, passive or on-demand)
2021-08-08 19:28:47,179 INFO  [org.jboss.as] (Controller Boot Thread) WFLYSRV0060: Http management interface listening on http://127.0.0.1:9990/management
2021-08-08 19:28:47,180 INFO  [org.jboss.as] (Controller Boot Thread) WFLYSRV0051: Admin console listening on http://127.0.0.1:9990
2021-08-08 19:29:20,391 INFO  [org.jboss.as.server] (Thread-3) WFLYSRV0272: Suspending server
2021-08-08 19:29:20,395 INFO  [org.jboss.as.ejb3] (Thread-3) WFLYEJB0493: EJB subsystem suspension complete
2021-08-08 19:29:20,398 INFO  [org.jboss.as.server] (Thread-3) WFLYSRV0220: Server shutdown has been requested via an OS signal
2021-08-08 19:29:20,431 INFO  [org.jboss.as.connector.subsystems.datasources] (MSC service thread 1-6) WFLYJCA0010: Unbound data source [java:jboss/datasources/KeycloakDS]
2021-08-08 19:29:20,434 INFO  [org.jboss.as.mail.extension] (MSC service thread 1-5) WFLYMAIL0002: Unbound mail session [java:jboss/mail/Default]
2021-08-08 19:29:20,436 INFO  [org.wildfly.extension.undertow] (MSC service thread 1-3) WFLYUT0008: Undertow HTTPS listener https suspending
2021-08-08 19:29:20,447 INFO  [org.wildfly.extension.undertow] (MSC service thread 1-3) WFLYUT0007: Undertow HTTPS listener https stopped, was bound to 127.0.0.1:8443
2021-08-08 19:29:20,526 INFO  [org.wildfly.extension.undertow] (ServerService Thread Pool -- 71) WFLYUT0022: Unregistered web context: '/auth' from server 'default-server'
2021-08-08 19:29:20,551 INFO  [org.jboss.as.connector.subsystems.datasources] (MSC service thread 1-1) WFLYJCA0010: Unbound data source [java:jboss/datasources/ExampleDS]
2021-08-08 19:29:20,554 INFO  [org.jboss.as.connector.deployers.jdbc] (MSC service thread 1-6) WFLYJCA0019: Stopped Driver service with driver-name = h2
2021-08-08 19:29:20,566 INFO  [org.wildfly.extension.undertow] (MSC service thread 1-1) WFLYUT0008: Undertow HTTP listener default suspending
2021-08-08 19:29:20,572 INFO  [org.jboss.as.clustering.infinispan] (ServerService Thread Pool -- 72) WFLYCLINF0003: Stopped client-mappings cache from ejb container
2021-08-08 19:29:20,574 INFO  [org.wildfly.extension.undertow] (MSC service thread 1-3) WFLYUT0019: Host default-host stopping
2021-08-08 19:29:20,579 INFO  [org.jboss.as.clustering.infinispan] (ServerService Thread Pool -- 17) WFLYCLINF0003: Stopped offlineSessions cache from keycloak container
2021-08-08 19:29:20,580 INFO  [org.jboss.as.clustering.infinispan] (ServerService Thread Pool -- 71) WFLYCLINF0003: Stopped actionTokens cache from keycloak container
2021-08-08 19:29:20,584 INFO  [org.jboss.as.server.deployment] (MSC service thread 1-2) WFLYSRV0028: Stopped deployment keycloak-server.war (runtime-name: keycloak-server.war) in 176ms
2021-08-08 19:29:20,587 INFO  [org.wildfly.extension.undertow] (MSC service thread 1-1) WFLYUT0007: Undertow HTTP listener default stopped, was bound to 127.0.0.1:8080
2021-08-08 19:29:20,590 INFO  [org.jboss.as.clustering.infinispan] (ServerService Thread Pool -- 74) WFLYCLINF0003: Stopped users cache from keycloak container
2021-08-08 19:29:20,590 INFO  [org.jboss.as.clustering.infinispan] (ServerService Thread Pool -- 73) WFLYCLINF0003: Stopped sessions cache from keycloak container
2021-08-08 19:29:20,593 INFO  [org.jboss.as.clustering.infinispan] (ServerService Thread Pool -- 76) WFLYCLINF0003: Stopped clientSessions cache from keycloak container
2021-08-08 19:29:20,599 INFO  [org.infinispan.manager.DefaultCacheManager] (MSC service thread 1-7) Stopping cache manager null on null
2021-08-08 19:29:20,602 INFO  [org.jboss.as.clustering.infinispan] (ServerService Thread Pool -- 77) WFLYCLINF0003: Stopped realms cache from keycloak container
2021-08-08 19:29:20,603 INFO  [org.jboss.as.clustering.infinispan] (ServerService Thread Pool -- 80) WFLYCLINF0003: Stopped work cache from keycloak container
2021-08-08 19:29:20,603 INFO  [org.jboss.as.clustering.infinispan] (ServerService Thread Pool -- 82) WFLYCLINF0003: Stopped keys cache from keycloak container
2021-08-08 19:29:20,602 INFO  [org.jboss.as.clustering.infinispan] (ServerService Thread Pool -- 75) WFLYCLINF0003: Stopped authenticationSessions cache from keycloak container
2021-08-08 19:29:20,603 INFO  [org.jboss.as.clustering.infinispan] (ServerService Thread Pool -- 79) WFLYCLINF0003: Stopped authorization cache from keycloak container
2021-08-08 19:29:20,606 INFO  [org.wildfly.extension.undertow] (MSC service thread 1-8) WFLYUT0004: Undertow 2.1.3.Final stopping
2021-08-08 19:29:20,611 INFO  [org.jboss.as.clustering.infinispan] (ServerService Thread Pool -- 78) WFLYCLINF0003: Stopped offlineClientSessions cache from keycloak container
2021-08-08 19:29:20,615 INFO  [org.jboss.as.clustering.infinispan] (ServerService Thread Pool -- 81) WFLYCLINF0003: Stopped loginFailures cache from keycloak container
2021-08-08 19:29:20,625 INFO  [org.infinispan.manager.DefaultCacheManager] (MSC service thread 1-7) Stopping cache manager null on null
2021-08-08 19:29:20,638 INFO  [org.jboss.as] (MSC service thread 1-6) WFLYSRV0050: Keycloak 11.0.2 (WildFly Core 12.0.3.Final) stopped in 230ms
